file_picker/intermediates/manifest_merge_blame_file/debug/manifest-merger-blame-debug-report.txt
1<?xml version="1.0" encoding="utf-8"?>
2<manifest xmlns:android="http://schemas.android.com/apk/res/android"
3    package="com.mr.flutter.plugin.filepicker" >
4
5    <uses-sdk
6        android:minSdkVersion="16"
6-->src\main\AndroidManifest.xml
7        android:targetSdkVersion="16" />
7-->src\main\AndroidManifest.xml
8
9    <uses-permission
9-->src\main\AndroidManifest.xml:3:5-106
10        android:name="android.permission.READ_EXTERNAL_STORAGE"
10-->src\main\AndroidManifest.xml:3:22-77
11        android:maxSdkVersion="32" />
11-->src\main\AndroidManifest.xml:3:78-104
12
13    <queries>
13-->src\main\AndroidManifest.xml:4:5-9:15
14        <intent>
14-->src\main\AndroidManifest.xml:5:6-8:14
15            <action android:name="android.intent.action.GET_CONTENT" />
15-->src\main\AndroidManifest.xml:6:9-68
15-->src\main\AndroidManifest.xml:6:17-65
16
17            <data android:mimeType="*/*" />
17-->src\main\AndroidManifest.xml:7:9-39
17-->src\main\AndroidManifest.xml:7:15-37
18        </intent>
19    </queries>
20
21</manifest>